  ClientNetwork.cpp
  EventObject.cpp
  GameFramework.cpp
  Map.cpp
  Object.cpp
C:\Users\user\OneDrive\문서\GitHub\NP_termProject\기존프로젝트\Object.cpp(194,8): warning C4834: [[nodiscard]] 특성이 포함된 함수의 반환 값을 버리는 중입니다.
C:\Users\user\OneDrive\문서\GitHub\NP_termProject\기존프로젝트\Object.cpp(195,8): warning C4834: [[nodiscard]] 특성이 포함된 함수의 반환 값을 버리는 중입니다.
C:\Users\user\OneDrive\문서\GitHub\NP_termProject\기존프로젝트\Object.cpp(211,8): warning C4834: [[nodiscard]] 특성이 포함된 함수의 반환 값을 버리는 중입니다.
C:\Users\user\OneDrive\문서\GitHub\NP_termProject\기존프로젝트\Object.cpp(212,8): warning C4834: [[nodiscard]] 특성이 포함된 함수의 반환 값을 버리는 중입니다.
C:\Users\user\OneDrive\문서\GitHub\NP_termProject\기존프로젝트\Object.cpp(242,21): warning C4244: '인수': 'double'에서 'int'(으)로 변환하면서 데이터가 손실될 수 있습니다.
C:\Users\user\OneDrive\문서\GitHub\NP_termProject\기존프로젝트\Object.cpp(241,21): warning C4244: '인수': 'double'에서 'int'(으)로 변환하면서 데이터가 손실될 수 있습니다.
C:\Users\user\OneDrive\문서\GitHub\NP_termProject\기존프로젝트\Object.cpp(240,21): warning C4244: '인수': 'double'에서 'int'(으)로 변환하면서 데이터가 손실될 수 있습니다.
C:\Users\user\OneDrive\문서\GitHub\NP_termProject\기존프로젝트\Object.cpp(239,32): warning C4244: '인수': 'double'에서 'int'(으)로 변환하면서 데이터가 손실될 수 있습니다.
C:\Users\user\OneDrive\문서\GitHub\NP_termProject\기존프로젝트\Object.cpp(261,21): warning C4244: '인수': 'double'에서 'int'(으)로 변환하면서 데이터가 손실될 수 있습니다.
C:\Users\user\OneDrive\문서\GitHub\NP_termProject\기존프로젝트\Object.cpp(260,21): warning C4244: '인수': 'double'에서 'int'(으)로 변환하면서 데이터가 손실될 수 있습니다.
C:\Users\user\OneDrive\문서\GitHub\NP_termProject\기존프로젝트\Object.cpp(259,21): warning C4244: '인수': 'double'에서 'int'(으)로 변환하면서 데이터가 손실될 수 있습니다.
C:\Users\user\OneDrive\문서\GitHub\NP_termProject\기존프로젝트\Object.cpp(258,34): warning C4244: '인수': 'double'에서 'int'(으)로 변환하면서 데이터가 손실될 수 있습니다.
  Project.cpp
C:\Users\user\OneDrive\문서\GitHub\NP_termProject\기존프로젝트\Project.cpp(90,16): warning C4244: 'return': 'WPARAM'에서 'int'(으)로 변환하면서 데이터가 손실될 수 있습니다.
C:\Users\user\OneDrive\문서\GitHub\NP_termProject\기존프로젝트\Project.cpp(215,3): warning C4060: switch문에 'case' 또는 'default' 레이블이 없습니다.
C:\Users\user\OneDrive\문서\GitHub\NP_termProject\기존프로젝트\Project.cpp(113,18): warning C4101: 'old1Bit' :참조되지 않은 지역 변수입니다.
C:\Users\user\OneDrive\문서\GitHub\NP_termProject\기존프로젝트\Project.cpp(115,9): warning C4101: 'hB' :참조되지 않은 지역 변수입니다.
C:\Users\user\OneDrive\문서\GitHub\NP_termProject\기존프로젝트\Project.cpp(115,13): warning C4101: 'oldB' :참조되지 않은 지역 변수입니다.
C:\Users\user\OneDrive\문서\GitHub\NP_termProject\기존프로젝트\Project.cpp(113,27): warning C4101: 'Button' :참조되지 않은 지역 변수입니다.
C:\Users\user\OneDrive\문서\GitHub\NP_termProject\기존프로젝트\Project.cpp(243,12): warning C4101: 'oldF' :참조되지 않은 지역 변수입니다.
C:\Users\user\OneDrive\문서\GitHub\NP_termProject\기존프로젝트\Project.cpp(243,8): warning C4101: 'hF' :참조되지 않은 지역 변수입니다.
  Scene.cpp
  Timer.cpp
  stdafx.cpp
  코드를 생성하고 있습니다...
  LINK : C:\Users\user\OneDrive\문서\GitHub\NP_termProject\기존프로젝트\x64\Debug\Refactoring.exe을(를) 찾을 수 없거나 마지막 증분 링크에 의해 빌드되지 않았습니다. 전체 링크를 수행하고 있습니다.
  Refactoring.vcxproj -> C:\Users\user\OneDrive\문서\GitHub\NP_termProject\기존프로젝트\x64\Debug\Refactoring.exe
